<?xml version="1.0" encoding="UTF-8"?>
<!-- Generated by org.testng.reporters.JUnitXMLReporter -->
<testsuite ignored="0" hostname="DESKTOP-MKTSV3B" failures="0" tests="1" name="WIN10TEST_CHROME" time="0.215" errors="0" timestamp="2021-07-22T20:01:14 IST">
  <testcase classname="MyRunner.TestRunner" name="@BeforeTest setUpClass" time="0.133">
    <failure type="java.lang.IllegalArgumentException" message="Couldn&amp;apos;t create a file output stream for &amp;apos;target\cucumner-reports\cucumberpretty&amp;apos;.
Make sure the the file isn&amp;apos;t a directory.

Note: This usually happens when plugins write to colliding paths.
For example: &amp;apos;json:target/cucumber/report.json, html:target/cucumber&amp;apos;
You can fix this by making the paths do no collide.
For example: &amp;apos;json:target/cucumber/report.json, html:target/cucumber/report.html&amp;apos;
The details are in the stack trace below:">
      <![CDATA[java.lang.IllegalArgumentException: Couldn't create a file output stream for 'target\cucumner-reports\cucumberpretty'.
Make sure the the file isn't a directory.

Note: This usually happens when plugins write to colliding paths.
For example: 'json:target/cucumber/report.json, html:target/cucumber'
You can fix this by making the paths do no collide.
For example: 'json:target/cucumber/report.json, html:target/cucumber/report.html'
The details are in the stack trace below:
at io.cucumber.core.plugin.PluginFactory.createFileOutputStream(PluginFactory.java:240)
at io.cucumber.core.plugin.PluginFactory.openStream(PluginFactory.java:199)
at io.cucumber.core.plugin.PluginFactory.convert(PluginFactory.java:166)
at io.cucumber.core.plugin.PluginFactory.instantiate(PluginFactory.java:99)
at io.cucumber.core.plugin.PluginFactory.create(PluginFactory.java:63)
at io.cucumber.core.plugin.Plugins.createPlugins(Plugins.java:32)
at io.cucumber.core.plugin.Plugins.<init>(Plugins.java:25)
at io.cucumber.testng.TestNGCucumberRunner.<init>(TestNGCucumberRunner.java:92)
at MyRunner.TestRunner.setUpClass(TestRunner.java:27)
at java.base/java.util.concurrent.FutureTask.run(FutureTask.java:264)
at java.base/java.util.concurrent.ThreadPoolExecutor.runWorker(ThreadPoolExecutor.java:1130)
at java.base/java.util.concurrent.ThreadPoolExecutor$Worker.run(ThreadPoolExecutor.java:630)
at java.base/java.lang.Thread.run(Thread.java:831)
Caused by: java.io.FileNotFoundException: target\cucumner-reports\cucumberpretty (Access is denied)
at java.base/java.io.FileOutputStream.open0(Native Method)
at java.base/java.io.FileOutputStream.open(FileOutputStream.java:291)
at java.base/java.io.FileOutputStream.<init>(FileOutputStream.java:234)
at java.base/java.io.FileOutputStream.<init>(FileOutputStream.java:184)
at io.cucumber.core.plugin.PluginFactory.createFileOutputStream(PluginFactory.java:237)
... 27 more
... Removed 15 stack frames]]>
    </failure>
  </testcase> <!-- @BeforeTest setUpClass -->
  <testcase classname="MyRunner.TestRunner" name="@AfterClass tearDownClass" time="-1.626964274774E9">
    <skipped/>
  </testcase> <!-- @AfterClass tearDownClass -->
  <testcase classname="MyRunner.TestRunner" name="feature" time="0.0">
    <skipped/>
  </testcase> <!-- feature -->
</testsuite> <!-- WIN10TEST_CHROME -->
